-------------------------------------------------------------------------------
Test set: TestSuite
-------------------------------------------------------------------------------
Tests run: 3, Failures: 1, Errors: 0, Skipped: 0, Time elapsed: 13.374 s <<< FAILURE! - in TestSuite
getIncidents(JIRAservices.JIRATests)  Time elapsed: 1.536 s  <<< FAILURE!
java.lang.AssertionError: 
1 expectation failed.
Expected status code <200> but was <404>.

	at JIRAservices.JIRATests.getIncidents(JIRATests.java:19)

