<?xml version="1.0" encoding="UTF-8"?>
<testng-results skipped="0" failed="0" ignored="0" total="2" passed="2">
  <reporter-output>
  </reporter-output>
  <suite name="Surefire suite" duration-ms="10100" started-at="2021-12-31T17:02:25Z" finished-at="2021-12-31T17:02:35Z">
    <groups>
      <group name="cucumber">
        <method signature="AbstractTestNGCucumberTests.runScenario(io.cucumber.testng.PickleWrapper, io.cucumber.testng.FeatureWrapper)[pri:0, instance:runner.RunTest@94f09b]" name="runScenario" class="io.cucumber.testng.AbstractTestNGCucumberTests"/>
      </group> <!-- cucumber -->
    </groups>
    <test name="Surefire test" duration-ms="10100" started-at="2021-12-31T17:02:25Z" finished-at="2021-12-31T17:02:35Z">
      <class name="services.IncidentTests">
        <test-method status="PASS" signature="setUp()[pri:0, instance:services.IncidentTests@1d0e7c4]" name="setUp" is-config="true" duration-ms="633" started-at="2021-12-31T17:02:25Z" finished-at="2021-12-31T17:02:25Z">
          <reporter-output>
          </reporter-output>
        </test-method> <!-- setUp -->
        <test-method status="PASS" signature="getIncidents()[pri:0, instance:services.IncidentTests@1d0e7c4]" name="getIncidents" duration-ms="4508" started-at="2021-12-31T17:02:31Z" finished-at="2021-12-31T17:02:35Z">
          <reporter-output>
          </reporter-output>
        </test-method> <!-- getIncidents -->
      </class> <!-- services.IncidentTests -->
      <class name="runner.RunTest">
        <test-method status="PASS" signature="setUpClass()[pri:0, instance:runner.RunTest@94f09b]" name="setUpClass" is-config="true" duration-ms="252" started-at="2021-12-31T17:02:25Z" finished-at="2021-12-31T17:02:25Z">
          <reporter-output>
          </reporter-output>
        </test-method> <!-- setUpClass -->
        <test-method status="PASS" signature="runScenario(io.cucumber.testng.PickleWrapper, io.cucumber.testng.FeatureWrapper)[pri:0, instance:runner.RunTest@94f09b]" name="runScenario" duration-ms="5307" started-at="2021-12-31T17:02:25Z" description="Runs Cucumber Scenarios" data-provider="scenarios" finished-at="2021-12-31T17:02:31Z">
          <params>
            <param index="0">
              <value>
                <![CDATA["Create a new incident with short description"]]>
              </value>
            </param>
            <param index="1">
              <value>
                <![CDATA["Create New Incident"]]>
              </value>
            </param>
          </params>
          <reporter-output>
          </reporter-output>
        </test-method> <!-- runScenario -->
        <test-method status="PASS" signature="tearDownClass()[pri:0, instance:runner.RunTest@94f09b]" name="tearDownClass" is-config="true" duration-ms="0" started-at="2021-12-31T17:02:31Z" finished-at="2021-12-31T17:02:31Z">
          <reporter-output>
          </reporter-output>
        </test-method> <!-- tearDownClass -->
      </class> <!-- runner.RunTest -->
    </test> <!-- Surefire test -->
  </suite> <!-- Surefire suite -->
</testng-results>
