<?xml version="1.0" encoding="UTF-8"?>
<testng-results skipped="0" failed="0" ignored="0" total="4" passed="4">
  <reporter-output>
  </reporter-output>
  <suite name="Default suite" duration-ms="7487" started-at="2022-01-23T09:40:22Z" finished-at="2022-01-23T09:40:29Z">
    <groups>
      <group name="cucumber">
        <method signature="AbstractTestNGCucumberTests.runScenario(io.cucumber.testng.PickleWrapper, io.cucumber.testng.FeatureWrapper)[pri:0, instance:salesForce_runner.RunTest@b71e8f]" name="runScenario" class="io.cucumber.testng.AbstractTestNGCucumberTests"/>
      </group> <!-- cucumber -->
    </groups>
    <test name="Default test" duration-ms="7487" started-at="2022-01-23T09:40:22Z" finished-at="2022-01-23T09:40:29Z">
      <class name="salesForce_runner.RunTest">
        <test-method status="PASS" signature="setUpClass()[pri:0, instance:salesForce_runner.RunTest@b71e8f]" name="setUpClass" is-config="true" duration-ms="263" started-at="2022-01-23T09:40:22Z" finished-at="2022-01-23T09:40:22Z">
          <reporter-output>
          </reporter-output>
        </test-method> <!-- setUpClass -->
        <test-method status="PASS" signature="runScenario(io.cucumber.testng.PickleWrapper, io.cucumber.testng.FeatureWrapper)[pri:0, instance:salesForce_runner.RunTest@b71e8f]" name="runScenario" duration-ms="4885" started-at="2022-01-23T09:40:22Z" description="Runs Cucumber Scenarios" data-provider="scenarios" finished-at="2022-01-23T09:40:27Z">
          <params>
            <param index="0">
              <value>
                <![CDATA["Create a new Contact with First Name and Last Name"]]>
              </value>
            </param>
            <param index="1">
              <value>
                <![CDATA["Contact"]]>
              </value>
            </param>
          </params>
          <reporter-output>
          </reporter-output>
        </test-method> <!-- runScenario -->
        <test-method status="PASS" signature="runScenario(io.cucumber.testng.PickleWrapper, io.cucumber.testng.FeatureWrapper)[pri:0, instance:salesForce_runner.RunTest@b71e8f]" name="runScenario" duration-ms="753" started-at="2022-01-23T09:40:27Z" description="Runs Cucumber Scenarios" data-provider="scenarios" finished-at="2022-01-23T09:40:28Z">
          <params>
            <param index="0">
              <value>
                <![CDATA["Update a Contact with New Address"]]>
              </value>
            </param>
            <param index="1">
              <value>
                <![CDATA["Contact"]]>
              </value>
            </param>
          </params>
          <reporter-output>
          </reporter-output>
        </test-method> <!-- runScenario -->
        <test-method status="PASS" signature="runScenario(io.cucumber.testng.PickleWrapper, io.cucumber.testng.FeatureWrapper)[pri:0, instance:salesForce_runner.RunTest@b71e8f]" name="runScenario" duration-ms="709" started-at="2022-01-23T09:40:28Z" description="Runs Cucumber Scenarios" data-provider="scenarios" finished-at="2022-01-23T09:40:29Z">
          <params>
            <param index="0">
              <value>
                <![CDATA["Get all Contact"]]>
              </value>
            </param>
            <param index="1">
              <value>
                <![CDATA["Contact"]]>
              </value>
            </param>
          </params>
          <reporter-output>
          </reporter-output>
        </test-method> <!-- runScenario -->
        <test-method status="PASS" signature="runScenario(io.cucumber.testng.PickleWrapper, io.cucumber.testng.FeatureWrapper)[pri:0, instance:salesForce_runner.RunTest@b71e8f]" name="runScenario" duration-ms="842" started-at="2022-01-23T09:40:29Z" description="Runs Cucumber Scenarios" data-provider="scenarios" finished-at="2022-01-23T09:40:29Z">
          <params>
            <param index="0">
              <value>
                <![CDATA["Get and Verify Contact"]]>
              </value>
            </param>
            <param index="1">
              <value>
                <![CDATA["Contact"]]>
              </value>
            </param>
          </params>
          <reporter-output>
          </reporter-output>
        </test-method> <!-- runScenario -->
        <test-method status="PASS" signature="tearDownClass()[pri:0, instance:salesForce_runner.RunTest@b71e8f]" name="tearDownClass" is-config="true" duration-ms="1" started-at="2022-01-23T09:40:29Z" finished-at="2022-01-23T09:40:29Z">
          <reporter-output>
          </reporter-output>
        </test-method> <!-- tearDownClass -->
      </class> <!-- salesForce_runner.RunTest -->
    </test> <!-- Default test -->
  </suite> <!-- Default suite -->
</testng-results>
